<?xml version="1.0" encoding="UTF-8"?>
<!-- Generated by org.testng.reporters.JUnitReportReporter -->
<testsuite hostname="THINKPAD-P1" failures="0" tests="1" name="ca.runner.CucumberRunner" time="13.356" errors="0" timestamp="2022-07-08T00:27:37 IST" skipped="0">
  <testcase classname="ca.runner.CucumberRunner" name="runScenario" time="13.356"/>
  <system-out/>
</testsuite> <!-- ca.runner.CucumberRunner -->
